<?xml version="1.0" encoding="UTF-8"?>
<!-- Generated by org.testng.reporters.JUnitXMLReporter -->
<testsuite hostname="BLR145CG6492GNQ" ignored="0" name="Default test" tests="4" failures="0" timestamp="02 Sep 2018 09:56:17 GMT" time="19.843" errors="0">
  <testcase name="verify_launch" time="10.345" classname="com.ranford.functionalities.TestExecution"/>
  <testcase name="verify_login" time="2.56" classname="com.ranford.functionalities.TestExecution"/>
  <testcase name="createNewBranch" time="5.652" classname="com.ranford.functionalities.TestExecution"/>
  <testcase name="verify_logout" time="1.006" classname="com.ranford.functionalities.TestExecution"/>
</testsuite> <!-- Default test -->
